2017-07-11T16:51:40.670:Logs.d:outputLog:99 debug
2017-07-11T16:51:40.670:Logs.d:outputLog:95 info
2017-07-11T16:51:40.670:Logs.d:outputLog:92 errro
2017-07-11T16:51:40.674:Logs.d:outputLog:97 function:, request push array is null, int[]:[]
2017-07-11T16:51:40.674:Logs.d:outputLog:97 function:, request push array is null, int[]:[]
2017-07-11T16:51:40.674:Logs.d:outputLog:97 function:, request push array is null, int[]:[]
2017-07-11T16:51:40.674:Logs.d:outputLog:97 function:, request push array is null, int[]:[]
2017-07-11T16:51:40.674:Logs.d:outputLog:97 function:, request push array is null, int[]:[]
2017-07-11T16:51:40.674:Logs.d:outputLog:97 function:rpc_message_pack, request pop array is null, int[]:[]
2017-07-11T16:51:40.674:Logs.d:outputLog:97 function:rpc_message_pack, request pop array is null, int[]:[]
2017-07-11T16:51:40.674:Logs.d:outputLog:97 function:rpc_message_pack, request pop array is null, int[]:[]
2017-07-11T16:51:40.674:Logs.d:outputLog:97 function:rpc_message_pack, request pop array is null, int[]:[]
2017-07-11T16:51:40.674:Logs.d:outputLog:97 function:rpc_message_pack, request pop array is null, int[]:[]
2017-07-11T18:12:02.499:Logs.d:outputLog:99 debug
2017-07-11T18:12:02.499:Logs.d:outputLog:95 info
2017-07-11T18:12:02.499:Logs.d:outputLog:92 errro
2017-07-11T18:12:02.504:Logs.d:outputLog:97 function:, request push array is null, int[]:[]
2017-07-11T18:12:02.504:Logs.d:outputLog:97 function:, request push array is null, int[]:[]
2017-07-11T18:12:02.504:Logs.d:outputLog:97 function:, request push array is null, int[]:[]
2017-07-11T18:12:02.504:Logs.d:outputLog:97 function:, request push array is null, int[]:[]
2017-07-11T18:12:02.504:Logs.d:outputLog:97 function:, request push array is null, int[]:[]
2017-07-11T18:12:02.504:Logs.d:outputLog:97 function:rpc_message_pack, request pop array is null, int[]:[]
2017-07-11T18:12:02.504:Logs.d:outputLog:97 function:rpc_message_pack, request pop array is null, int[]:[]
2017-07-11T18:12:02.504:Logs.d:outputLog:97 function:rpc_message_pack, request pop array is null, int[]:[]
2017-07-11T18:12:02.504:Logs.d:outputLog:97 function:rpc_message_pack, request pop array is null, int[]:[]
2017-07-11T18:12:02.504:Logs.d:outputLog:97 function:rpc_message_pack, request pop array is null, int[]:[]
2017-07-11T18:15:30.821:Logs.d:outputLog:99 debug
2017-07-11T18:15:30.821:Logs.d:outputLog:95 info
2017-07-11T18:15:30.821:Logs.d:outputLog:92 errro
2017-07-11T18:15:30.824:Logs.d:outputLog:97 function:, request push array is null, int[]:[]
2017-07-11T18:15:30.824:Logs.d:outputLog:97 function:, request push array is null, int[]:[]
2017-07-11T18:15:30.824:Logs.d:outputLog:97 function:, request push array is null, int[]:[]
2017-07-11T18:15:30.824:Logs.d:outputLog:97 function:, request push array is null, int[]:[]
2017-07-11T18:15:30.824:Logs.d:outputLog:97 function:, request push array is null, int[]:[]
2017-07-11T18:15:30.824:Logs.d:outputLog:97 function:rpc_message_pack, request pop array is null, int[]:[]
2017-07-11T18:15:30.824:Logs.d:outputLog:97 function:rpc_message_pack, request pop array is null, int[]:[]
2017-07-11T18:15:30.824:Logs.d:outputLog:97 function:rpc_message_pack, request pop array is null, int[]:[]
2017-07-11T18:15:30.824:Logs.d:outputLog:97 function:rpc_message_pack, request pop array is null, int[]:[]
2017-07-11T18:15:30.824:Logs.d:outputLog:97 function:rpc_message_pack, request pop array is null, int[]:[]
2017-07-11T18:20:21.079:Logs.d:outputLog:99 debug
2017-07-11T18:20:21.079:Logs.d:outputLog:95 info
2017-07-11T18:20:21.079:Logs.d:outputLog:92 errro
2017-07-11T18:20:21.082:Logs.d:outputLog:97 function:, request push array is null, int[]:[]
2017-07-11T18:20:21.082:Logs.d:outputLog:97 function:, request push array is null, int[]:[]
2017-07-11T18:20:21.082:Logs.d:outputLog:97 function:, request push array is null, int[]:[]
2017-07-11T18:20:21.082:Logs.d:outputLog:97 function:, request push array is null, int[]:[]
2017-07-11T18:20:21.082:Logs.d:outputLog:97 function:, request push array is null, int[]:[]
2017-07-11T18:20:21.082:Logs.d:outputLog:97 function:rpc_message_pack, request pop array is null, int[]:[]
2017-07-11T18:20:21.082:Logs.d:outputLog:97 function:rpc_message_pack, request pop array is null, int[]:[]
2017-07-11T18:20:21.082:Logs.d:outputLog:97 function:rpc_message_pack, request pop array is null, int[]:[]
2017-07-11T18:20:21.082:Logs.d:outputLog:97 function:rpc_message_pack, request pop array is null, int[]:[]
2017-07-11T18:20:21.082:Logs.d:outputLog:97 function:rpc_message_pack, request pop array is null, int[]:[]
2017-07-11T18:20:49.472:Logs.d:outputLog:99 debug
2017-07-11T18:20:49.472:Logs.d:outputLog:95 info
2017-07-11T18:20:49.472:Logs.d:outputLog:92 errro
2017-07-11T18:20:49.476:Logs.d:outputLog:97 function:, request push array is null, int[]:[]
2017-07-11T18:20:49.476:Logs.d:outputLog:97 function:, request push array is null, int[]:[]
2017-07-11T18:20:49.476:Logs.d:outputLog:97 function:, request push array is null, int[]:[]
2017-07-11T18:20:49.476:Logs.d:outputLog:97 function:, request push array is null, int[]:[]
2017-07-11T18:20:49.476:Logs.d:outputLog:97 function:, request push array is null, int[]:[]
2017-07-11T18:20:49.476:Logs.d:outputLog:97 function:rpc_message_pack, request pop array is null, int[]:[]
2017-07-11T18:20:49.476:Logs.d:outputLog:97 function:rpc_message_pack, request pop array is null, int[]:[]
2017-07-11T18:20:49.476:Logs.d:outputLog:97 function:rpc_message_pack, request pop array is null, int[]:[]
2017-07-11T18:20:49.476:Logs.d:outputLog:97 function:rpc_message_pack, request pop array is null, int[]:[]
2017-07-11T18:20:49.476:Logs.d:outputLog:97 function:rpc_message_pack, request pop array is null, int[]:[]
2017-07-11T18:22:06.719:Logs.d:outputLog:99 debug
2017-07-11T18:22:06.719:Logs.d:outputLog:95 info
2017-07-11T18:22:06.719:Logs.d:outputLog:92 errro
2017-07-11T18:22:06.722:Logs.d:outputLog:97 function:, request push array is null, int[]:[]
2017-07-11T18:22:06.722:Logs.d:outputLog:97 function:, request push array is null, int[]:[]
2017-07-11T18:22:06.722:Logs.d:outputLog:97 function:, request push array is null, int[]:[]
2017-07-11T18:22:06.722:Logs.d:outputLog:97 function:, request push array is null, int[]:[]
2017-07-11T18:22:06.722:Logs.d:outputLog:97 function:, request push array is null, int[]:[]
2017-07-11T18:22:06.722:Logs.d:outputLog:97 function:rpc_message_pack, request pop array is null, int[]:[]
2017-07-11T18:22:06.722:Logs.d:outputLog:97 function:rpc_message_pack, request pop array is null, int[]:[]
2017-07-11T18:22:06.722:Logs.d:outputLog:97 function:rpc_message_pack, request pop array is null, int[]:[]
2017-07-11T18:22:06.722:Logs.d:outputLog:97 function:rpc_message_pack, request pop array is null, int[]:[]
2017-07-11T18:22:06.722:Logs.d:outputLog:97 function:rpc_message_pack, request pop array is null, int[]:[]
2017-07-11T18:34:03.642:Logs.d:outputLog:99 debug
2017-07-11T18:34:03.642:Logs.d:outputLog:95 info
2017-07-11T18:34:03.642:Logs.d:outputLog:92 errro
2017-07-11T18:34:03.645:Logs.d:outputLog:97 function:, request push array is null, int[]:[]
2017-07-11T18:34:03.645:Logs.d:outputLog:97 function:, request push array is null, int[]:[]
2017-07-11T18:34:03.645:Logs.d:outputLog:97 function:, request push array is null, int[]:[]
2017-07-11T18:34:03.645:Logs.d:outputLog:97 function:, request push array is null, int[]:[]
2017-07-11T18:34:03.645:Logs.d:outputLog:97 function:, request push array is null, int[]:[]
2017-07-11T18:34:03.646:Logs.d:outputLog:97 function:rpc_message_pack, request pop array is null, int[]:[]
2017-07-11T18:34:03.646:Logs.d:outputLog:97 function:rpc_message_pack, request pop array is null, int[]:[]
2017-07-11T18:34:03.646:Logs.d:outputLog:97 function:rpc_message_pack, request pop array is null, int[]:[]
2017-07-11T18:34:03.646:Logs.d:outputLog:97 function:rpc_message_pack, request pop array is null, int[]:[]
2017-07-11T18:34:03.646:Logs.d:outputLog:97 function:rpc_message_pack, request pop array is null, int[]:[]
2017-07-11T18:39:06.643:Logs.d:outputLog:99 debug
2017-07-11T18:39:06.643:Logs.d:outputLog:95 info
2017-07-11T18:39:06.643:Logs.d:outputLog:92 errro
2017-07-11T18:39:06.646:Logs.d:outputLog:97 function:, request push array is null, int[]:[]
2017-07-11T18:39:06.646:Logs.d:outputLog:97 function:, request push array is null, int[]:[]
2017-07-11T18:39:06.646:Logs.d:outputLog:97 function:, request push array is null, int[]:[]
2017-07-11T18:39:06.646:Logs.d:outputLog:97 function:, request push array is null, int[]:[]
2017-07-11T18:39:06.646:Logs.d:outputLog:97 function:, request push array is null, int[]:[]
2017-07-11T18:39:06.647:Logs.d:outputLog:97 function:rpc_message_pack, request pop array is null, int[]:[]
2017-07-11T18:39:06.647:Logs.d:outputLog:97 function:rpc_message_pack, request pop array is null, int[]:[]
2017-07-11T18:39:06.647:Logs.d:outputLog:97 function:rpc_message_pack, request pop array is null, int[]:[]
2017-07-11T18:39:06.647:Logs.d:outputLog:97 function:rpc_message_pack, request pop array is null, int[]:[]
2017-07-11T18:39:06.647:Logs.d:outputLog:97 function:rpc_message_pack, request pop array is null, int[]:[]
2017-07-12T17:15:03.323:Logs.d:outputLog:99 debug
2017-07-12T17:15:03.323:Logs.d:outputLog:95 info
2017-07-12T17:15:03.323:Logs.d:outputLog:92 errro
2017-07-12T17:15:03.326:Logs.d:outputLog:97 function:, request push array is null, int[]:[]
2017-07-12T17:15:03.326:Logs.d:outputLog:97 function:, request push array is null, int[]:[]
2017-07-12T17:15:03.326:Logs.d:outputLog:97 function:, request push array is null, int[]:[]
2017-07-12T17:15:03.326:Logs.d:outputLog:97 function:, request push array is null, int[]:[]
2017-07-12T17:15:03.326:Logs.d:outputLog:97 function:, request push array is null, int[]:[]
2017-07-12T17:15:03.327:Logs.d:outputLog:97 function:rpc_message_pack, request pop array is null, int[]:[]
2017-07-12T17:15:03.327:Logs.d:outputLog:97 function:rpc_message_pack, request pop array is null, int[]:[]
2017-07-12T17:15:03.327:Logs.d:outputLog:97 function:rpc_message_pack, request pop array is null, int[]:[]
2017-07-12T17:15:03.327:Logs.d:outputLog:97 function:rpc_message_pack, request pop array is null, int[]:[]
2017-07-12T17:15:03.327:Logs.d:outputLog:97 function:rpc_message_pack, request pop array is null, int[]:[]
2017-07-12T17:20:07.053:Logs.d:outputLog:99 debug
2017-07-12T17:20:07.053:Logs.d:outputLog:95 info
2017-07-12T17:20:07.053:Logs.d:outputLog:92 errro
2017-07-12T17:20:07.056:Logs.d:outputLog:97 function:, request push array is null, int[]:[]
2017-07-12T17:20:07.056:Logs.d:outputLog:97 function:, request push array is null, int[]:[]
2017-07-12T17:20:07.056:Logs.d:outputLog:97 function:, request push array is null, int[]:[]
2017-07-12T17:20:07.056:Logs.d:outputLog:97 function:, request push array is null, int[]:[]
2017-07-12T17:20:07.056:Logs.d:outputLog:97 function:, request push array is null, int[]:[]
2017-07-12T17:20:07.056:Logs.d:outputLog:97 function:rpc_message_pack, request pop array is null, int[]:[]
2017-07-12T17:20:07.056:Logs.d:outputLog:97 function:rpc_message_pack, request pop array is null, int[]:[]
2017-07-12T17:20:07.056:Logs.d:outputLog:97 function:rpc_message_pack, request pop array is null, int[]:[]
2017-07-12T17:20:07.056:Logs.d:outputLog:97 function:rpc_message_pack, request pop array is null, int[]:[]
2017-07-12T17:20:07.056:Logs.d:outputLog:97 function:rpc_message_pack, request pop array is null, int[]:[]
